Build started 5/19/2016 4:27:36 AM.
     1>Project "C:\Users\loganga\Documents\GitHub\Program4\Smooth-Particle-Hydrodynamics\ConsoleApplication1.vcxproj" on node 2 (Build target(s)).
     1>ClCompile:
         C:\Program Files (x86)\Microsoft Visual Studio 12.0\VC\bin\x86_amd64\CL.exe /c /Zi /nologo /W3 /WX- /Od /D WIN32 /D _DEBUG /D _CONSOLE /D _LIB /D _UNICODE /D UNICODE /Gm /EHsc /RTC1 /MDd /GS /fp:precise /Zc:wchar_t /Zc:forScope /Fo"x64\Debug\\" /Fd"x64\Debug\vc120.pdb" /Gd /TC /errorReport:prompt src\gl3w\gl3w.c src\glew\glew.c
         glew.c
         gl3w.c
         Generating Code...
         C:\Program Files (x86)\Microsoft Visual Studio 12.0\VC\bin\x86_amd64\CL.exe /c /Zi /nologo /W3 /WX- /Od /D WIN32 /D _DEBUG /D _CONSOLE /D _LIB /D _UNICODE /D UNICODE /Gm /EHsc /RTC1 /MDd /GS /fp:precise /Zc:wchar_t /Zc:forScope /Fo"x64\Debug\\" /Fd"x64\Debug\vc120.pdb" /Gd /TP /errorReport:prompt src\main.cpp
         main.cpp
     1>c:\users\loganga\documents\github\program4\smooth-particle-hydrodynamics\src\Model.h(45): warning C4305: 'argument' : truncation from 'double' to 'float'
     1>c:\users\loganga\documents\github\program4\smooth-particle-hydrodynamics\src\Model.h(206): warning C4244: '=' : conversion from 'double' to 'float', possible loss of data
     1>c:\users\loganga\documents\github\program4\smooth-particle-hydrodynamics\src\RenderEngine.h(78): warning C4267: 'argument' : conversion from 'size_t' to 'GLsizei', possible loss of data
     1>c:\users\loganga\documents\github\program4\smooth-particle-hydrodynamics\src\RenderEngine.h(194): warning C4101: 'elementBuffer' : unreferenced local variable
       Link:
         C:\Program Files (x86)\Microsoft Visual Studio 12.0\VC\bin\x86_amd64\link.exe /ERRORREPORT:PROMPT /OUT:"C:\Users\loganga\Documents\GitHub\Program4\Smooth-Particle-Hydrodynamics\x64\Debug\ConsoleApplication1.exe" /INCREMENTAL /NOLOGO "sfml-window.lib" "sfml-system.lib" opengl32.lib winmm.lib gdi32.lib kernel32.lib user32.lib gdi32.lib winspool.lib comdlg32.lib advapi32.lib shell32.lib ole32.lib oleaut32.lib uuid.lib odbc32.lib odbccp32.lib /MANIFEST /MANIFESTUAC:"level='asInvoker' uiAccess='false'" /manifest:embed /DEBUG /PDB:"C:\Users\loganga\Documents\GitHub\Program4\Smooth-Particle-Hydrodynamics\x64\Debug\ConsoleApplication1.pdb" /SUBSYSTEM:CONSOLE /TLBID:1 /DYNAMICBASE /NXCOMPAT /IMPLIB:"C:\Users\loganga\Documents\GitHub\Program4\Smooth-Particle-Hydrodynamics\x64\Debug\ConsoleApplication1.lib" /MACHINE:X64 x64\Debug\gl3w.obj
         x64\Debug\glew.obj
         x64\Debug\main.obj
         ConsoleApplication1.vcxproj -> C:\Users\loganga\Documents\GitHub\Program4\Smooth-Particle-Hydrodynamics\x64\Debug\ConsoleApplication1.exe
     1>Done Building Project "C:\Users\loganga\Documents\GitHub\Program4\Smooth-Particle-Hydrodynamics\ConsoleApplication1.vcxproj" (Build target(s)).

Build succeeded.

Time Elapsed 00:00:03.39
